app/build/intermediates/manifest_merge_blame_file/release/manifest-merger-blame-release-report.txt
1<?xml version="1.0" encoding="utf-8"?>
2<manifest xmlns:android="http://schemas.android.com/apk/res/android"
3    package="com.anant.disciplinecore"
4    android:versionCode="1"
5    android:versionName="1.0" >
6
7    <uses-sdk
8        android:minSdkVersion="26"
9        android:targetSdkVersion="34" />
10
11    <uses-permission android:name="android.permission.WAKE_LOCK" />
11-->[androidx.work:work-runtime:2.9.0] AndroidManifest.xml:23:5-68
11-->[androidx.work:work-runtime:2.9.0] AndroidManifest.xml:23:22-65
12    <uses-permission android:name="android.permission.ACCESS_NETWORK_STATE" />
12-->[androidx.work:work-runtime:2.9.0] AndroidManifest.xml:24:5-79
12-->[androidx.work:work-runtime:2.9.0] AndroidManifest.xml:24:22-76
13    <uses-permission android:name="android.permission.RECEIVE_BOOT_COMPLETED" />
13-->[androidx.work:work-runtime:2.9.0] AndroidManifest.xml:25:5-81
13-->[androidx.work:work-runtime:2.9.0] AndroidManifest.xml:25:22-78
14    <uses-permission android:name="android.permission.FOREGROUND_SERVICE" />
14-->[androidx.work:work-runtime:2.9.0] AndroidManifest.xml:26:5-77
14-->[androidx.work:work-runtime:2.9.0] AndroidManifest.xml:26:22-74
15
16    <permission
16-->[androidx.core:core:1.12.0] AndroidManifest.xml:22:5-24:47
17        android:name="com.anant.disciplinecore.DYNAMIC_RECEIVER_NOT_EXPORTED_PERMISSION"
17-->[androidx.core:core:1.12.0] AndroidManifest.xml:23:9-81
18        android:protectionLevel="signature" />
18-->[androidx.core:core:1.12.0] AndroidManifest.xml:24:9-44
19
20    <uses-permission android:name="com.anant.disciplinecore.DYNAMIC_RECEIVER_NOT_EXPORTED_PERMISSION" />
20-->[androidx.core:core:1.12.0] AndroidManifest.xml:26:5-97
20-->[androidx.core:core:1.12.0] AndroidManifest.xml:26:22-94
21
22    <application
22-->src/main/AndroidManifest.xml:4:5-26:19
23        android:allowBackup="true"
23-->src/main/AndroidManifest.xml:5:9-35
24        android:appComponentFactory="androidx.core.app.CoreComponentFactory"
24-->[androidx.core:core:1.12.0] AndroidManifest.xml:28:18-86
25        android:extractNativeLibs="false"
26        android:icon="@mipmap/ic_launcher"
26-->src/main/AndroidManifest.xml:6:9-43
27        android:label="@string/app_name"
27-->src/main/AndroidManifest.xml:7:9-41
28        android:roundIcon="@mipmap/ic_launcher_round"
28-->src/main/AndroidManifest.xml:8:9-54
29        android:supportsRtl="true"
29-->src/main/AndroidManifest.xml:9:9-35
30        android:theme="@style/Theme.DisciplineCore" >
30-->src/main/AndroidManifest.xml:10:9-52
31        <activity
31-->src/main/AndroidManifest.xml:12:9-20:20
32            android:name="com.anant.disciplinecore.ui.MainActivity"
32-->src/main/AndroidManifest.xml:13:13-44
33            android:exported="true"
33-->src/main/AndroidManifest.xml:14:13-36
34            android:windowSoftInputMode="adjustResize" >
34-->src/main/AndroidManifest.xml:15:13-55
35            <intent-filter>
35-->src/main/AndroidManifest.xml:16:13-19:29
36                <action android:name="android.intent.action.MAIN" />
36-->src/main/AndroidManifest.xml:17:17-69
36-->src/main/AndroidManifest.xml:17:25-66
37
38                <category android:name="android.intent.category.LAUNCHER" />
38-->src/main/AndroidManifest.xml:18:17-77
38-->src/main/AndroidManifest.xml:18:27-74
39            </intent-filter>
40        </activity>
41
42        <receiver
42-->src/main/AndroidManifest.xml:22:9-24:40
43            android:name="com.anant.disciplinecore.worker.MidnightResetReceiver"
43-->src/main/AndroidManifest.xml:23:13-57
44            android:exported="false" />
44-->src/main/AndroidManifest.xml:24:13-37
45
46        <provider
46-->[androidx.emoji2:emoji2:1.2.0] AndroidManifest.xml:24:9-32:20
47            android:name="androidx.startup.InitializationProvider"
47-->[androidx.emoji2:emoji2:1.2.0] AndroidManifest.xml:25:13-67
48            android:authorities="com.anant.disciplinecore.androidx-startup"
48-->[androidx.emoji2:emoji2:1.2.0] AndroidManifest.xml:26:13-68
49            android:exported="false" >
49-->[androidx.emoji2:emoji2:1.2.0] AndroidManifest.xml:27:13-37
50            <meta-data
50-->[androidx.emoji2:emoji2:1.2.0] AndroidManifest.xml:29:13-31:52
51                android:name="androidx.emoji2.text.EmojiCompatInitializer"
51-->[androidx.emoji2:emoji2:1.2.0] AndroidManifest.xml:30:17-75
52                android:value="androidx.startup" />
52-->[androidx.emoji2:emoji2:1.2.0] AndroidManifest.xml:31:17-49
53            <meta-data
53-->[androidx.work:work-runtime:2.9.0] AndroidManifest.xml:34:13-36:52
54                android:name="androidx.work.WorkManagerInitializer"
54-->[androidx.work:work-runtime:2.9.0] AndroidManifest.xml:35:17-68
55                android:value="androidx.startup" />
55-->[androidx.work:work-runtime:2.9.0] AndroidManifest.xml:36:17-49
56            <meta-data
56-->[androidx.lifecycle:lifecycle-process:2.7.0] AndroidManifest.xml:29:13-31:52
57                android:name="androidx.lifecycle.ProcessLifecycleInitializer"
57-->[androidx.lifecycle:lifecycle-process:2.7.0] AndroidManifest.xml:30:17-78
58                android:value="androidx.startup" />
58-->[androidx.lifecycle:lifecycle-process:2.7.0] AndroidManifest.xml:31:17-49
59            <meta-data
59-->[androidx.profileinstaller:profileinstaller:1.3.0] AndroidManifest.xml:29:13-31:52
60                android:name="androidx.profileinstaller.ProfileInstallerInitializer"
60-->[androidx.profileinstaller:profileinstaller:1.3.0] AndroidManifest.xml:30:17-85
61                android:value="androidx.startup" />
61-->[androidx.profileinstaller:profileinstaller:1.3.0] AndroidManifest.xml:31:17-49
62        </provider>
63
64        <service
64-->[androidx.work:work-runtime:2.9.0] AndroidManifest.xml:39:9-45:35
65            android:name="androidx.work.impl.background.systemalarm.SystemAlarmService"
65-->[androidx.work:work-runtime:2.9.0] AndroidManifest.xml:40:13-88
66            android:directBootAware="false"
66-->[androidx.work:work-runtime:2.9.0] AndroidManifest.xml:41:13-44
67            android:enabled="@bool/enable_system_alarm_service_default"
67-->[androidx.work:work-runtime:2.9.0] AndroidManifest.xml:42:13-72
68            android:exported="false" />
68-->[androidx.work:work-runtime:2.9.0] AndroidManifest.xml:43:13-37
69        <service
69-->[androidx.work:work-runtime:2.9.0] AndroidManifest.xml:46:9-52:35
70            android:name="androidx.work.impl.background.systemjob.SystemJobService"
70-->[androidx.work:work-runtime:2.9.0] AndroidManifest.xml:47:13-84
71            android:directBootAware="false"
71-->[androidx.work:work-runtime:2.9.0] AndroidManifest.xml:48:13-44
72            android:enabled="@bool/enable_system_job_service_default"
72-->[androidx.work:work-runtime:2.9.0] AndroidManifest.xml:49:13-70
73            android:exported="true"
73-->[androidx.work:work-runtime:2.9.0] AndroidManifest.xml:50:13-36
74            android:permission="android.permission.BIND_JOB_SERVICE" />
74-->[androidx.work:work-runtime:2.9.0] AndroidManifest.xml:51:13-69
75        <service
75-->[androidx.work:work-runtime:2.9.0] AndroidManifest.xml:53:9-59:35
76            android:name="androidx.work.impl.foreground.SystemForegroundService"
76-->[androidx.work:work-runtime:2.9.0] AndroidManifest.xml:54:13-81
77            android:directBootAware="false"
77-->[androidx.work:work-runtime:2.9.0] AndroidManifest.xml:55:13-44
78            android:enabled="@bool/enable_system_foreground_service_default"
78-->[androidx.work:work-runtime:2.9.0] AndroidManifest.xml:56:13-77
79            android:exported="false" />
79-->[androidx.work:work-runtime:2.9.0] AndroidManifest.xml:57:13-37
80
81        <receiver
81-->[androidx.work:work-runtime:2.9.0] AndroidManifest.xml:61:9-66:35
82            android:name="androidx.work.impl.utils.ForceStopRunnable$BroadcastReceiver"
82-->[androidx.work:work-runtime:2.9.0] AndroidManifest.xml:62:13-88
83            android:directBootAware="false"
83-->[androidx.work:work-runtime:2.9.0] AndroidManifest.xml:63:13-44
84            android:enabled="true"
84-->[androidx.work:work-runtime:2.9.0] AndroidManifest.xml:64:13-35
85            android:exported="false" />
85-->[androidx.work:work-runtime:2.9.0] AndroidManifest.xml:65:13-37
86        <receiver
86-->[androidx.work:work-runtime:2.9.0] AndroidManifest.xml:67:9-77:20
87            android:name="androidx.work.impl.background.systemalarm.ConstraintProxy$BatteryChargingProxy"
87-->[androidx.work:work-runtime:2.9.0] AndroidManifest.xml:68:13-106
88            android:directBootAware="false"
88-->[androidx.work:work-runtime:2.9.0] AndroidManifest.xml:69:13-44
89            android:enabled="false"
89-->[androidx.work:work-runtime:2.9.0] AndroidManifest.xml:70:13-36
90            android:exported="false" >
90-->[androidx.work:work-runtime:2.9.0] AndroidManifest.xml:71:13-37
91            <intent-filter>
91-->[androidx.work:work-runtime:2.9.0] AndroidManifest.xml:73:13-76:29
92                <action android:name="android.intent.action.ACTION_POWER_CONNECTED" />
92-->[androidx.work:work-runtime:2.9.0] AndroidManifest.xml:74:17-87
92-->[androidx.work:work-runtime:2.9.0] AndroidManifest.xml:74:25-84
93                <action android:name="android.intent.action.ACTION_POWER_DISCONNECTED" />
93-->[androidx.work:work-runtime:2.9.0] AndroidManifest.xml:75:17-90
93-->[androidx.work:work-runtime:2.9.0] AndroidManifest.xml:75:25-87
94            </intent-filter>
95        </receiver>
96        <receiver
96-->[androidx.work:work-runtime:2.9.0] AndroidManifest.xml:78:9-88:20
97            android:name="androidx.work.impl.background.systemalarm.ConstraintProxy$BatteryNotLowProxy"
97-->[androidx.work:work-runtime:2.9.0] AndroidManifest.xml:79:13-104
98            android:directBootAware="false"
98-->[androidx.work:work-runtime:2.9.0] AndroidManifest.xml:80:13-44
99            android:enabled="false"
99-->[androidx.work:work-runtime:2.9.0] AndroidManifest.xml:81:13-36
100            android:exported="false" >
100-->[androidx.work:work-runtime:2.9.0] AndroidManifest.xml:82:13-37
101            <intent-filter>
101-->[androidx.work:work-runtime:2.9.0] AndroidManifest.xml:84:13-87:29
102                <action android:name="android.intent.action.BATTERY_OKAY" />
102-->[androidx.work:work-runtime:2.9.0] AndroidManifest.xml:85:17-77
102-->[androidx.work:work-runtime:2.9.0] AndroidManifest.xml:85:25-74
103                <action android:name="android.intent.action.BATTERY_LOW" />
103-->[androidx.work:work-runtime:2.9.0] AndroidManifest.xml:86:17-76
103-->[androidx.work:work-runtime:2.9.0] AndroidManifest.xml:86:25-73
104            </intent-filter>
105        </receiver>
106        <receiver
106-->[androidx.work:work-runtime:2.9.0] AndroidManifest.xml:89:9-99:20
107            android:name="androidx.work.impl.background.systemalarm.ConstraintProxy$StorageNotLowProxy"
107-->[androidx.work:work-runtime:2.9.0] AndroidManifest.xml:90:13-104
108            android:directBootAware="false"
108-->[androidx.work:work-runtime:2.9.0] AndroidManifest.xml:91:13-44
109            android:enabled="false"
109-->[androidx.work:work-runtime:2.9.0] AndroidManifest.xml:92:13-36
110            android:exported="false" >
110-->[androidx.work:work-runtime:2.9.0] AndroidManifest.xml:93:13-37
111            <intent-filter>
111-->[androidx.work:work-runtime:2.9.0] AndroidManifest.xml:95:13-98:29
112                <action android:name="android.intent.action.DEVICE_STORAGE_LOW" />
112-->[androidx.work:work-runtime:2.9.0] AndroidManifest.xml:96:17-83
112-->[androidx.work:work-runtime:2.9.0] AndroidManifest.xml:96:25-80
113                <action android:name="android.intent.action.DEVICE_STORAGE_OK" />
113-->[androidx.work:work-runtime:2.9.0] AndroidManifest.xml:97:17-82
113-->[androidx.work:work-runtime:2.9.0] AndroidManifest.xml:97:25-79
114            </intent-filter>
115        </receiver>
116        <receiver
116-->[androidx.work:work-runtime:2.9.0] AndroidManifest.xml:100:9-109:20
117            android:name="androidx.work.impl.background.systemalarm.ConstraintProxy$NetworkStateProxy"
117-->[androidx.work:work-runtime:2.9.0] AndroidManifest.xml:101:13-103
118            android:directBootAware="false"
118-->[androidx.work:work-runtime:2.9.0] AndroidManifest.xml:102:13-44
119            android:enabled="false"
119-->[androidx.work:work-runtime:2.9.0] AndroidManifest.xml:103:13-36
120            android:exported="false" >
120-->[androidx.work:work-runtime:2.9.0] AndroidManifest.xml:104:13-37
121            <intent-filter>
121-->[androidx.work:work-runtime:2.9.0] AndroidManifest.xml:106:13-108:29
122                <action android:name="android.net.conn.CONNECTIVITY_CHANGE" />
122-->[androidx.work:work-runtime:2.9.0] AndroidManifest.xml:107:17-79
122-->[androidx.work:work-runtime:2.9.0] AndroidManifest.xml:107:25-76
123            </intent-filter>
124        </receiver>
125        <receiver
125-->[androidx.work:work-runtime:2.9.0] AndroidManifest.xml:110:9-121:20
126            android:name="androidx.work.impl.background.systemalarm.RescheduleReceiver"
126-->[androidx.work:work-runtime:2.9.0] AndroidManifest.xml:111:13-88
127            android:directBootAware="false"
127-->[androidx.work:work-runtime:2.9.0] AndroidManifest.xml:112:13-44
128            android:enabled="false"
128-->[androidx.work:work-runtime:2.9.0] AndroidManifest.xml:113:13-36
129            android:exported="false" >
129-->[androidx.work:work-runtime:2.9.0] AndroidManifest.xml:114:13-37
130            <intent-filter>
130-->[androidx.work:work-runtime:2.9.0] AndroidManifest.xml:116:13-120:29
131                <action android:name="android.intent.action.BOOT_COMPLETED" />
131-->[androidx.work:work-runtime:2.9.0] AndroidManifest.xml:117:17-79
131-->[androidx.work:work-runtime:2.9.0] AndroidManifest.xml:117:25-76
132                <action android:name="android.intent.action.TIME_SET" />
132-->[androidx.work:work-runtime:2.9.0] AndroidManifest.xml:118:17-73
132-->[androidx.work:work-runtime:2.9.0] AndroidManifest.xml:118:25-70
133                <action android:name="android.intent.action.TIMEZONE_CHANGED" />
133-->[androidx.work:work-runtime:2.9.0] AndroidManifest.xml:119:17-81
133-->[androidx.work:work-runtime:2.9.0] AndroidManifest.xml:119:25-78
134            </intent-filter>
135        </receiver>
136        <receiver
136-->[androidx.work:work-runtime:2.9.0] AndroidManifest.xml:122:9-131:20
137            android:name="androidx.work.impl.background.systemalarm.ConstraintProxyUpdateReceiver"
137-->[androidx.work:work-runtime:2.9.0] AndroidManifest.xml:123:13-99
138            android:directBootAware="false"
138-->[androidx.work:work-runtime:2.9.0] AndroidManifest.xml:124:13-44
139            android:enabled="@bool/enable_system_alarm_service_default"
139-->[androidx.work:work-runtime:2.9.0] AndroidManifest.xml:125:13-72
140            android:exported="false" >
140-->[androidx.work:work-runtime:2.9.0] AndroidManifest.xml:126:13-37
141            <intent-filter>
141-->[androidx.work:work-runtime:2.9.0] AndroidManifest.xml:128:13-130:29
142                <action android:name="androidx.work.impl.background.systemalarm.UpdateProxies" />
142-->[androidx.work:work-runtime:2.9.0] AndroidManifest.xml:129:17-98
142-->[androidx.work:work-runtime:2.9.0] AndroidManifest.xml:129:25-95
143            </intent-filter>
144        </receiver>
145        <receiver
145-->[androidx.work:work-runtime:2.9.0] AndroidManifest.xml:132:9-142:20
146            android:name="androidx.work.impl.diagnostics.DiagnosticsReceiver"
146-->[androidx.work:work-runtime:2.9.0] AndroidManifest.xml:133:13-78
147            android:directBootAware="false"
147-->[androidx.work:work-runtime:2.9.0] AndroidManifest.xml:134:13-44
148            android:enabled="true"
148-->[androidx.work:work-runtime:2.9.0] AndroidManifest.xml:135:13-35
149            android:exported="true"
149-->[androidx.work:work-runtime:2.9.0] AndroidManifest.xml:136:13-36
150            android:permission="android.permission.DUMP" >
150-->[androidx.work:work-runtime:2.9.0] AndroidManifest.xml:137:13-57
151            <intent-filter>
151-->[androidx.work:work-runtime:2.9.0] AndroidManifest.xml:139:13-141:29
152                <action android:name="androidx.work.diagnostics.REQUEST_DIAGNOSTICS" />
152-->[androidx.work:work-runtime:2.9.0] AndroidManifest.xml:140:17-88
152-->[androidx.work:work-runtime:2.9.0] AndroidManifest.xml:140:25-85
153            </intent-filter>
154        </receiver>
155
156        <service
156-->[androidx.room:room-runtime:2.6.1] AndroidManifest.xml:24:9-28:63
157            android:name="androidx.room.MultiInstanceInvalidationService"
157-->[androidx.room:room-runtime:2.6.1] AndroidManifest.xml:25:13-74
158            android:directBootAware="true"
158-->[androidx.room:room-runtime:2.6.1] AndroidManifest.xml:26:13-43
159            android:exported="false" />
159-->[androidx.room:room-runtime:2.6.1] AndroidManifest.xml:27:13-37
160
161        <receiver
161-->[androidx.profileinstaller:profileinstaller:1.3.0] AndroidManifest.xml:34:9-52:20
162            android:name="androidx.profileinstaller.ProfileInstallReceiver"
162-->[androidx.profileinstaller:profileinstaller:1.3.0] AndroidManifest.xml:35:13-76
163            android:directBootAware="false"
163-->[androidx.profileinstaller:profileinstaller:1.3.0] AndroidManifest.xml:36:13-44
164            android:enabled="true"
164-->[androidx.profileinstaller:profileinstaller:1.3.0] AndroidManifest.xml:37:13-35
165            android:exported="true"
165-->[androidx.profileinstaller:profileinstaller:1.3.0] AndroidManifest.xml:38:13-36
166            android:permission="android.permission.DUMP" >
166-->[androidx.profileinstaller:profileinstaller:1.3.0] AndroidManifest.xml:39:13-57
167            <intent-filter>
167-->[androidx.profileinstaller:profileinstaller:1.3.0] AndroidManifest.xml:40:13-42:29
168                <action android:name="androidx.profileinstaller.action.INSTALL_PROFILE" />
168-->[androidx.profileinstaller:profileinstaller:1.3.0] AndroidManifest.xml:41:17-91
168-->[androidx.profileinstaller:profileinstaller:1.3.0] AndroidManifest.xml:41:25-88
169            </intent-filter>
170            <intent-filter>
170-->[androidx.profileinstaller:profileinstaller:1.3.0] AndroidManifest.xml:43:13-45:29
171                <action android:name="androidx.profileinstaller.action.SKIP_FILE" />
171-->[androidx.profileinstaller:profileinstaller:1.3.0] AndroidManifest.xml:44:17-85
171-->[androidx.profileinstaller:profileinstaller:1.3.0] AndroidManifest.xml:44:25-82
172            </intent-filter>
173            <intent-filter>
173-->[androidx.profileinstaller:profileinstaller:1.3.0] AndroidManifest.xml:46:13-48:29
174                <action android:name="androidx.profileinstaller.action.SAVE_PROFILE" />
174-->[androidx.profileinstaller:profileinstaller:1.3.0] AndroidManifest.xml:47:17-88
174-->[androidx.profileinstaller:profileinstaller:1.3.0] AndroidManifest.xml:47:25-85
175            </intent-filter>
176            <intent-filter>
176-->[androidx.profileinstaller:profileinstaller:1.3.0] AndroidManifest.xml:49:13-51:29
177                <action android:name="androidx.profileinstaller.action.BENCHMARK_OPERATION" />
177-->[androidx.profileinstaller:profileinstaller:1.3.0] AndroidManifest.xml:50:17-95
177-->[androidx.profileinstaller:profileinstaller:1.3.0] AndroidManifest.xml:50:25-92
178            </intent-filter>
179        </receiver>
180    </application>
181
182</manifest>